<?xml version="1.0" encoding="UTF-8"?>
<testng-results skipped="0" failed="0" ignored="0" total="0" passed="0">
  <reporter-output>
  </reporter-output>
  <suite name="Ultility.TestBasePage" duration-ms="9" started-at="2020-05-28T11:05:02Z" finished-at="2020-05-28T11:05:02Z">
    <groups>
    </groups>
    <test name="Command line test" duration-ms="9" started-at="2020-05-28T11:05:02Z" finished-at="2020-05-28T11:05:02Z">
    </test> <!-- Command line test -->
  </suite> <!-- Ultility.TestBasePage -->
</testng-results>
